<?xml version="1.0" encoding="utf-8"?><testsuites name="pytest tests"><testsuite name="pytest" errors="0" failures="0" skipped="0" tests="18" time="2.276" timestamp="2026-05-06T19:18:03.272437+00:00" hostname="agent-env-a689555c-e3ac-4008-85b3-f12620944373"><testcase classname="backend.tests.test_golden_api" name="test_get_courses_returns_8" time="0.507" /><testcase classname="backend.tests.test_golden_api" name="test_get_students_returns_450" time="0.130" /><testcase classname="backend.tests.test_golden_api" name="test_get_students_course_filter" time="0.109" /><testcase classname="backend.tests.test_golden_api" name="test_get_students_grade_range" time="0.081" /><testcase classname="backend.tests.test_golden_api" name="test_get_stats_overall" time="0.082" /><testcase classname="backend.tests.test_golden_api" name="test_get_stats_course_scoped" time="0.073" /><testcase classname="backend.tests.test_golden_api" name="test_get_hotspots" time="0.072" /><testcase classname="backend.tests.test_golden_api" name="test_plugin_info" time="0.092" /><testcase classname="backend.tests.test_golden_api" name="test_plugin_zip_downloadable" time="0.071" /><testcase classname="backend.tests.test_golden_api" name="test_country_stats_basic" time="0.068" /><testcase classname="backend.tests.test_golden_api" name="test_country_stats_with_course_filter" time="0.088" /><testcase classname="backend.tests.test_golden_api" name="test_students_last_access_from" time="0.084" /><testcase classname="backend.tests.test_golden_api" name="test_stats_last_access_range" time="0.075" /><testcase classname="backend.tests.test_golden_api" name="test_hotspots_last_access_range" time="0.074" /><testcase classname="backend.tests.test_golden_api" name="test_country_stats_last_access_range" time="0.072" /><testcase classname="backend.tests.test_golden_api" name="test_students_country_iso3_filter" time="0.068" /><testcase classname="backend.tests.test_golden_api" name="test_students_country_iso3_unknown" time="0.097" /><testcase classname="backend.tests.test_golden_api" name="test_plugin_zip_contains_privacy_provider" time="0.111" /></testsuite></testsuites>