<?xml version="1.0" encoding="utf-8"?><testsuites name="pytest tests"><testsuite name="pytest" errors="0" failures="0" skipped="0" tests="9" time="1.080" timestamp="2026-05-06T17:32:45.413679+00:00" hostname="agent-env-a689555c-e3ac-4008-85b3-f12620944373"><testcase classname="backend.tests.test_golden_api" name="test_get_courses_returns_8" time="0.322" /><testcase classname="backend.tests.test_golden_api" name="test_get_students_returns_450" time="0.086" /><testcase classname="backend.tests.test_golden_api" name="test_get_students_course_filter" time="0.072" /><testcase classname="backend.tests.test_golden_api" name="test_get_students_grade_range" time="0.066" /><testcase classname="backend.tests.test_golden_api" name="test_get_stats_overall" time="0.066" /><testcase classname="backend.tests.test_golden_api" name="test_get_stats_course_scoped" time="0.070" /><testcase classname="backend.tests.test_golden_api" name="test_get_hotspots" time="0.069" /><testcase classname="backend.tests.test_golden_api" name="test_plugin_info" time="0.059" /><testcase classname="backend.tests.test_golden_api" name="test_plugin_zip_downloadable" time="0.066" /></testsuite></testsuites>